2015-11-27 15:15:32,713 INFO : org.springframework.test.context.support.DefaultTestContextBootstrapper#getDefaultTestExecutionListenerClassNames : Loaded default TestExecutionListener class names from location [META-INF/spring.factories]: [org.springframework.test.context.web.ServletTestExecutionListener, org.springframework.test.context.support.DependencyInjectionTestExecutionListener, org.springframework.test.context.support.DirtiesContextTestExecutionListener, org.springframework.test.context.transaction.TransactionalTestExecutionListener, org.springframework.test.context.jdbc.SqlScriptsTestExecutionListener]
2015-11-27 15:15:32,739 INFO : org.springframework.test.context.support.DefaultTestContextBootstrapper#getTestExecutionListeners : Using TestExecutionListeners: [org.springframework.test.context.web.ServletTestExecutionListener@122507c2, org.springframework.test.context.support.DependencyInjectionTestExecutionListener@3d205adc, org.springframework.test.context.support.DirtiesContextTestExecutionListener@172d40de, org.springframework.test.context.transaction.TransactionalTestExecutionListener@1bfdbab5, org.springframework.test.context.jdbc.SqlScriptsTestExecutionListener@2eeccf6e]
2015-11-27 15:15:32,856 INFO : org.springframework.beans.factory.xml.XmlBeanDefinitionReader#loadBeanDefinitions : Loading XML bean definitions from class path resource [spring-core.xml]
2015-11-27 15:15:33,114 INFO : org.springframework.context.support.GenericApplicationContext#prepareRefresh : Refreshing org.springframework.context.support.GenericApplicationContext@15c4d350: startup date [Fri Nov 27 15:15:33 CST 2015]; root of context hierarchy
2015-11-27 15:15:33,251 INFO : org.springframework.context.support.PropertySourcesPlaceholderConfigurer#loadProperties : Loading properties file from class path resource [pm.properties]
2015-11-27 15:15:34,049 INFO : org.springframework.cache.ehcache.EhCacheManagerFactoryBean#afterPropertiesSet : Initializing EhCache CacheManager
2015-11-27 15:15:34,264 INFO : org.springframework.context.support.GenericApplicationContext#doClose : Closing org.springframework.context.support.GenericApplicationContext@15c4d350: startup date [Fri Nov 27 15:15:33 CST 2015]; root of context hierarchy
2015-11-27 15:15:34,265 INFO : org.springframework.cache.ehcache.EhCacheManagerFactoryBean#destroy : Shutting down EhCache CacheManager
2015-11-27 15:18:55,307 INFO : org.springframework.test.context.support.DefaultTestContextBootstrapper#getDefaultTestExecutionListenerClassNames : Loaded default TestExecutionListener class names from location [META-INF/spring.factories]: [org.springframework.test.context.web.ServletTestExecutionListener, org.springframework.test.context.support.DependencyInjectionTestExecutionListener, org.springframework.test.context.support.DirtiesContextTestExecutionListener, org.springframework.test.context.transaction.TransactionalTestExecutionListener, org.springframework.test.context.jdbc.SqlScriptsTestExecutionListener]
2015-11-27 15:18:55,328 INFO : org.springframework.test.context.support.DefaultTestContextBootstrapper#getTestExecutionListeners : Using TestExecutionListeners: [org.springframework.test.context.web.ServletTestExecutionListener@3d205adc, org.springframework.test.context.support.DependencyInjectionTestExecutionListener@172d40de, org.springframework.test.context.support.DirtiesContextTestExecutionListener@1bfdbab5, org.springframework.test.context.transaction.TransactionalTestExecutionListener@2eeccf6e, org.springframework.test.context.jdbc.SqlScriptsTestExecutionListener@3d2656d3]
2015-11-27 15:18:55,428 INFO : org.springframework.beans.factory.xml.XmlBeanDefinitionReader#loadBeanDefinitions : Loading XML bean definitions from class path resource [spring-core.xml]
2015-11-27 15:18:55,636 INFO : org.springframework.context.support.GenericApplicationContext#prepareRefresh : Refreshing org.springframework.context.support.GenericApplicationContext@2d0d345a: startup date [Fri Nov 27 15:18:55 CST 2015]; root of context hierarchy
2015-11-27 15:18:55,760 INFO : org.springframework.context.support.PropertySourcesPlaceholderConfigurer#loadProperties : Loading properties file from class path resource [pm.properties]
2015-11-27 15:18:56,416 INFO : org.springframework.cache.ehcache.EhCacheManagerFactoryBean#afterPropertiesSet : Initializing EhCache CacheManager
2015-11-27 15:18:56,622 INFO : org.springframework.context.support.GenericApplicationContext#doClose : Closing org.springframework.context.support.GenericApplicationContext@2d0d345a: startup date [Fri Nov 27 15:18:55 CST 2015]; root of context hierarchy
2015-11-27 15:18:56,623 INFO : org.springframework.cache.ehcache.EhCacheManagerFactoryBean#destroy : Shutting down EhCache CacheManager
2015-11-27 15:27:57,420 INFO : org.springframework.test.context.support.DefaultTestContextBootstrapper#getDefaultTestExecutionListenerClassNames : Loaded default TestExecutionListener class names from location [META-INF/spring.factories]: [org.springframework.test.context.web.ServletTestExecutionListener, org.springframework.test.context.support.DependencyInjectionTestExecutionListener, org.springframework.test.context.support.DirtiesContextTestExecutionListener, org.springframework.test.context.transaction.TransactionalTestExecutionListener, org.springframework.test.context.jdbc.SqlScriptsTestExecutionListener]
2015-11-27 15:27:57,442 INFO : org.springframework.test.context.support.DefaultTestContextBootstrapper#getTestExecutionListeners : Using TestExecutionListeners: [org.springframework.test.context.web.ServletTestExecutionListener@122507c2, org.springframework.test.context.support.DependencyInjectionTestExecutionListener@3d205adc, org.springframework.test.context.support.DirtiesContextTestExecutionListener@172d40de, org.springframework.test.context.transaction.TransactionalTestExecutionListener@1bfdbab5, org.springframework.test.context.jdbc.SqlScriptsTestExecutionListener@2eeccf6e]
2015-11-27 15:27:57,537 INFO : org.springframework.beans.factory.xml.XmlBeanDefinitionReader#loadBeanDefinitions : Loading XML bean definitions from class path resource [spring-core.xml]
2015-11-27 15:27:57,773 INFO : org.springframework.context.support.GenericApplicationContext#prepareRefresh : Refreshing org.springframework.context.support.GenericApplicationContext@15c4d350: startup date [Fri Nov 27 15:27:57 CST 2015]; root of context hierarchy
2015-11-27 15:27:57,902 INFO : org.springframework.context.support.PropertySourcesPlaceholderConfigurer#loadProperties : Loading properties file from class path resource [pm.properties]
2015-11-27 15:27:58,602 INFO : org.springframework.cache.ehcache.EhCacheManagerFactoryBean#afterPropertiesSet : Initializing EhCache CacheManager
2015-11-27 15:27:58,819 INFO : org.springframework.context.support.GenericApplicationContext#doClose : Closing org.springframework.context.support.GenericApplicationContext@15c4d350: startup date [Fri Nov 27 15:27:57 CST 2015]; root of context hierarchy
2015-11-27 15:27:58,820 INFO : org.springframework.cache.ehcache.EhCacheManagerFactoryBean#destroy : Shutting down EhCache CacheManager
2015-11-27 15:34:07,852 INFO : org.springframework.test.context.support.DefaultTestContextBootstrapper#getDefaultTestExecutionListenerClassNames : Loaded default TestExecutionListener class names from location [META-INF/spring.factories]: [org.springframework.test.context.web.ServletTestExecutionListener, org.springframework.test.context.support.DependencyInjectionTestExecutionListener, org.springframework.test.context.support.DirtiesContextTestExecutionListener, org.springframework.test.context.transaction.TransactionalTestExecutionListener, org.springframework.test.context.jdbc.SqlScriptsTestExecutionListener]
2015-11-27 15:34:07,881 INFO : org.springframework.test.context.support.DefaultTestContextBootstrapper#getTestExecutionListeners : Using TestExecutionListeners: [org.springframework.test.context.web.ServletTestExecutionListener@5810f29f, org.springframework.test.context.support.DependencyInjectionTestExecutionListener@40a8d1e4, org.springframework.test.context.support.DirtiesContextTestExecutionListener@b6bf0e6, org.springframework.test.context.transaction.TransactionalTestExecutionListener@5b9491e5, org.springframework.test.context.jdbc.SqlScriptsTestExecutionListener@76f6805b]
2015-11-27 15:34:08,017 INFO : org.springframework.beans.factory.xml.XmlBeanDefinitionReader#loadBeanDefinitions : Loading XML bean definitions from class path resource [spring-core.xml]
2015-11-27 15:34:08,227 INFO : org.springframework.context.support.GenericApplicationContext#prepareRefresh : Refreshing org.springframework.context.support.GenericApplicationContext@873930e: startup date [Fri Nov 27 15:34:08 CST 2015]; root of context hierarchy
2015-11-27 15:34:08,370 INFO : org.springframework.context.support.PropertySourcesPlaceholderConfigurer#loadProperties : Loading properties file from class path resource [pm.properties]
2015-11-27 15:34:09,086 INFO : org.springframework.cache.ehcache.EhCacheManagerFactoryBean#afterPropertiesSet : Initializing EhCache CacheManager
2015-11-27 15:34:09,339 INFO : org.springframework.context.support.GenericApplicationContext#doClose : Closing org.springframework.context.support.GenericApplicationContext@873930e: startup date [Fri Nov 27 15:34:08 CST 2015]; root of context hierarchy
2015-11-27 15:34:09,340 INFO : org.springframework.cache.ehcache.EhCacheManagerFactoryBean#destroy : Shutting down EhCache CacheManager
2015-11-27 15:46:23,945 INFO : org.springframework.test.context.support.DefaultTestContextBootstrapper#getDefaultTestExecutionListenerClassNames : Loaded default TestExecutionListener class names from location [META-INF/spring.factories]: [org.springframework.test.context.web.ServletTestExecutionListener, org.springframework.test.context.support.DependencyInjectionTestExecutionListener, org.springframework.test.context.support.DirtiesContextTestExecutionListener, org.springframework.test.context.transaction.TransactionalTestExecutionListener, org.springframework.test.context.jdbc.SqlScriptsTestExecutionListener]
2015-11-27 15:46:23,966 INFO : org.springframework.test.context.support.DefaultTestContextBootstrapper#getTestExecutionListeners : Using TestExecutionListeners: [org.springframework.test.context.web.ServletTestExecutionListener@3d205adc, org.springframework.test.context.support.DependencyInjectionTestExecutionListener@172d40de, org.springframework.test.context.support.DirtiesContextTestExecutionListener@1bfdbab5, org.springframework.test.context.transaction.TransactionalTestExecutionListener@2eeccf6e, org.springframework.test.context.jdbc.SqlScriptsTestExecutionListener@3d2656d3]
2015-11-27 15:46:24,076 INFO : org.springframework.beans.factory.xml.XmlBeanDefinitionReader#loadBeanDefinitions : Loading XML bean definitions from class path resource [spring-core.xml]
2015-11-27 15:46:24,332 INFO : org.springframework.context.support.GenericApplicationContext#prepareRefresh : Refreshing org.springframework.context.support.GenericApplicationContext@2d0d345a: startup date [Fri Nov 27 15:46:24 CST 2015]; root of context hierarchy
2015-11-27 15:46:24,457 INFO : org.springframework.context.support.PropertySourcesPlaceholderConfigurer#loadProperties : Loading properties file from class path resource [pm.properties]
2015-11-27 15:46:25,159 INFO : org.springframework.cache.ehcache.EhCacheManagerFactoryBean#afterPropertiesSet : Initializing EhCache CacheManager
2015-11-27 15:46:25,381 INFO : org.springframework.context.support.GenericApplicationContext#doClose : Closing org.springframework.context.support.GenericApplicationContext@2d0d345a: startup date [Fri Nov 27 15:46:24 CST 2015]; root of context hierarchy
2015-11-27 15:46:25,382 INFO : org.springframework.cache.ehcache.EhCacheManagerFactoryBean#destroy : Shutting down EhCache CacheManager
2015-11-27 15:51:50,696 INFO : org.springframework.test.context.support.DefaultTestContextBootstrapper#getDefaultTestExecutionListenerClassNames : Loaded default TestExecutionListener class names from location [META-INF/spring.factories]: [org.springframework.test.context.web.ServletTestExecutionListener, org.springframework.test.context.support.DependencyInjectionTestExecutionListener, org.springframework.test.context.support.DirtiesContextTestExecutionListener, org.springframework.test.context.transaction.TransactionalTestExecutionListener, org.springframework.test.context.jdbc.SqlScriptsTestExecutionListener]
2015-11-27 15:51:50,724 INFO : org.springframework.test.context.support.DefaultTestContextBootstrapper#getTestExecutionListeners : Using TestExecutionListeners: [org.springframework.test.context.web.ServletTestExecutionListener@5e0b66ca, org.springframework.test.context.support.DependencyInjectionTestExecutionListener@3e898802, org.springframework.test.context.support.DirtiesContextTestExecutionListener@37405b61, org.springframework.test.context.transaction.TransactionalTestExecutionListener@622f599d, org.springframework.test.context.jdbc.SqlScriptsTestExecutionListener@12a484c7]
2015-11-27 15:51:50,858 INFO : org.springframework.beans.factory.xml.XmlBeanDefinitionReader#loadBeanDefinitions : Loading XML bean definitions from class path resource [spring-core.xml]
2015-11-27 15:51:51,148 INFO : org.springframework.context.support.GenericApplicationContext#prepareRefresh : Refreshing org.springframework.context.support.GenericApplicationContext@66d7fef7: startup date [Fri Nov 27 15:51:51 CST 2015]; root of context hierarchy
2015-11-27 15:51:51,276 INFO : org.springframework.context.support.PropertySourcesPlaceholderConfigurer#loadProperties : Loading properties file from class path resource [pm.properties]
2015-11-27 15:51:52,064 INFO : org.springframework.cache.ehcache.EhCacheManagerFactoryBean#afterPropertiesSet : Initializing EhCache CacheManager
2015-11-27 15:51:52,265 INFO : org.springframework.context.support.GenericApplicationContext#doClose : Closing org.springframework.context.support.GenericApplicationContext@66d7fef7: startup date [Fri Nov 27 15:51:51 CST 2015]; root of context hierarchy
2015-11-27 15:51:52,265 INFO : org.springframework.cache.ehcache.EhCacheManagerFactoryBean#destroy : Shutting down EhCache CacheManager
2015-11-27 15:52:39,695 INFO : org.springframework.test.context.support.DefaultTestContextBootstrapper#getDefaultTestExecutionListenerClassNames : Loaded default TestExecutionListener class names from location [META-INF/spring.factories]: [org.springframework.test.context.web.ServletTestExecutionListener, org.springframework.test.context.support.DependencyInjectionTestExecutionListener, org.springframework.test.context.support.DirtiesContextTestExecutionListener, org.springframework.test.context.transaction.TransactionalTestExecutionListener, org.springframework.test.context.jdbc.SqlScriptsTestExecutionListener]
2015-11-27 15:52:39,714 INFO : org.springframework.test.context.support.DefaultTestContextBootstrapper#getTestExecutionListeners : Using TestExecutionListeners: [org.springframework.test.context.web.ServletTestExecutionListener@5e0b66ca, org.springframework.test.context.support.DependencyInjectionTestExecutionListener@3e898802, org.springframework.test.context.support.DirtiesContextTestExecutionListener@37405b61, org.springframework.test.context.transaction.TransactionalTestExecutionListener@622f599d, org.springframework.test.context.jdbc.SqlScriptsTestExecutionListener@12a484c7]
2015-11-27 15:52:39,804 INFO : org.springframework.beans.factory.xml.XmlBeanDefinitionReader#loadBeanDefinitions : Loading XML bean definitions from class path resource [spring-core.xml]
2015-11-27 15:52:39,987 INFO : org.springframework.context.support.GenericApplicationContext#prepareRefresh : Refreshing org.springframework.context.support.GenericApplicationContext@66d7fef7: startup date [Fri Nov 27 15:52:39 CST 2015]; root of context hierarchy
2015-11-27 15:52:40,111 INFO : org.springframework.context.support.PropertySourcesPlaceholderConfigurer#loadProperties : Loading properties file from class path resource [pm.properties]
2015-11-27 15:52:40,734 INFO : org.springframework.cache.ehcache.EhCacheManagerFactoryBean#afterPropertiesSet : Initializing EhCache CacheManager
2015-11-27 15:52:40,905 INFO : org.springframework.context.support.GenericApplicationContext#doClose : Closing org.springframework.context.support.GenericApplicationContext@66d7fef7: startup date [Fri Nov 27 15:52:39 CST 2015]; root of context hierarchy
2015-11-27 15:52:40,906 INFO : org.springframework.cache.ehcache.EhCacheManagerFactoryBean#destroy : Shutting down EhCache CacheManager
2015-11-27 15:52:51,923 INFO : org.springframework.test.context.support.DefaultTestContextBootstrapper#getDefaultTestExecutionListenerClassNames : Loaded default TestExecutionListener class names from location [META-INF/spring.factories]: [org.springframework.test.context.web.ServletTestExecutionListener, org.springframework.test.context.support.DependencyInjectionTestExecutionListener, org.springframework.test.context.support.DirtiesContextTestExecutionListener, org.springframework.test.context.transaction.TransactionalTestExecutionListener, org.springframework.test.context.jdbc.SqlScriptsTestExecutionListener]
2015-11-27 15:52:51,941 INFO : org.springframework.test.context.support.DefaultTestContextBootstrapper#getTestExecutionListeners : Using TestExecutionListeners: [org.springframework.test.context.web.ServletTestExecutionListener@3e898802, org.springframework.test.context.support.DependencyInjectionTestExecutionListener@37405b61, org.springframework.test.context.support.DirtiesContextTestExecutionListener@622f599d, org.springframework.test.context.transaction.TransactionalTestExecutionListener@12a484c7, org.springframework.test.context.jdbc.SqlScriptsTestExecutionListener@6f092e60]
2015-11-27 15:52:52,033 INFO : org.springframework.beans.factory.xml.XmlBeanDefinitionReader#loadBeanDefinitions : Loading XML bean definitions from class path resource [spring-core.xml]
2015-11-27 15:52:52,219 INFO : org.springframework.context.support.GenericApplicationContext#prepareRefresh : Refreshing org.springframework.context.support.GenericApplicationContext@6ea43ee0: startup date [Fri Nov 27 15:52:52 CST 2015]; root of context hierarchy
2015-11-27 15:52:52,345 INFO : org.springframework.context.support.PropertySourcesPlaceholderConfigurer#loadProperties : Loading properties file from class path resource [pm.properties]
2015-11-27 15:52:52,970 INFO : org.springframework.cache.ehcache.EhCacheManagerFactoryBean#afterPropertiesSet : Initializing EhCache CacheManager
2015-11-27 15:52:53,146 INFO : org.springframework.context.support.GenericApplicationContext#doClose : Closing org.springframework.context.support.GenericApplicationContext@6ea43ee0: startup date [Fri Nov 27 15:52:52 CST 2015]; root of context hierarchy
2015-11-27 15:52:53,147 INFO : org.springframework.cache.ehcache.EhCacheManagerFactoryBean#destroy : Shutting down EhCache CacheManager
2015-11-27 15:53:01,886 INFO : org.springframework.test.context.support.DefaultTestContextBootstrapper#getDefaultTestExecutionListenerClassNames : Loaded default TestExecutionListener class names from location [META-INF/spring.factories]: [org.springframework.test.context.web.ServletTestExecutionListener, org.springframework.test.context.support.DependencyInjectionTestExecutionListener, org.springframework.test.context.support.DirtiesContextTestExecutionListener, org.springframework.test.context.transaction.TransactionalTestExecutionListener, org.springframework.test.context.jdbc.SqlScriptsTestExecutionListener]
2015-11-27 15:53:01,905 INFO : org.springframework.test.context.support.DefaultTestContextBootstrapper#getTestExecutionListeners : Using TestExecutionListeners: [org.springframework.test.context.web.ServletTestExecutionListener@7bec09b0, org.springframework.test.context.support.DependencyInjectionTestExecutionListener@4570415f, org.springframework.test.context.support.DirtiesContextTestExecutionListener@4cd3e796, org.springframework.test.context.transaction.TransactionalTestExecutionListener@6c095041, org.springframework.test.context.jdbc.SqlScriptsTestExecutionListener@577412d0]
2015-11-27 15:53:02,001 INFO : org.springframework.beans.factory.xml.XmlBeanDefinitionReader#loadBeanDefinitions : Loading XML bean definitions from class path resource [spring-core.xml]
2015-11-27 15:53:02,200 INFO : org.springframework.context.support.GenericApplicationContext#prepareRefresh : Refreshing org.springframework.context.support.GenericApplicationContext@29dbf9c3: startup date [Fri Nov 27 15:53:02 CST 2015]; root of context hierarchy
2015-11-27 15:53:02,331 INFO : org.springframework.context.support.PropertySourcesPlaceholderConfigurer#loadProperties : Loading properties file from class path resource [pm.properties]
2015-11-27 15:53:03,031 INFO : org.springframework.cache.ehcache.EhCacheManagerFactoryBean#afterPropertiesSet : Initializing EhCache CacheManager
2015-11-27 15:53:13,778 INFO : org.springframework.context.support.GenericApplicationContext#doClose : Closing org.springframework.context.support.GenericApplicationContext@29dbf9c3: startup date [Fri Nov 27 15:53:02 CST 2015]; root of context hierarchy
2015-11-27 15:53:13,779 INFO : org.springframework.cache.ehcache.EhCacheManagerFactoryBean#destroy : Shutting down EhCache CacheManager
2015-11-27 15:53:55,752 INFO : org.springframework.test.context.support.DefaultTestContextBootstrapper#getDefaultTestExecutionListenerClassNames : Loaded default TestExecutionListener class names from location [META-INF/spring.factories]: [org.springframework.test.context.web.ServletTestExecutionListener, org.springframework.test.context.support.DependencyInjectionTestExecutionListener, org.springframework.test.context.support.DirtiesContextTestExecutionListener, org.springframework.test.context.transaction.TransactionalTestExecutionListener, org.springframework.test.context.jdbc.SqlScriptsTestExecutionListener]
2015-11-27 15:53:55,772 INFO : org.springframework.test.context.support.DefaultTestContextBootstrapper#getTestExecutionListeners : Using TestExecutionListeners: [org.springframework.test.context.web.ServletTestExecutionListener@3e898802, org.springframework.test.context.support.DependencyInjectionTestExecutionListener@37405b61, org.springframework.test.context.support.DirtiesContextTestExecutionListener@622f599d, org.springframework.test.context.transaction.TransactionalTestExecutionListener@12a484c7, org.springframework.test.context.jdbc.SqlScriptsTestExecutionListener@6f092e60]
2015-11-27 15:53:55,866 INFO : org.springframework.beans.factory.xml.XmlBeanDefinitionReader#loadBeanDefinitions : Loading XML bean definitions from class path resource [spring-core.xml]
2015-11-27 15:53:56,059 INFO : org.springframework.context.support.GenericApplicationContext#prepareRefresh : Refreshing org.springframework.context.support.GenericApplicationContext@6ea43ee0: startup date [Fri Nov 27 15:53:56 CST 2015]; root of context hierarchy
2015-11-27 15:53:56,183 INFO : org.springframework.context.support.PropertySourcesPlaceholderConfigurer#loadProperties : Loading properties file from class path resource [pm.properties]
2015-11-27 15:53:56,832 INFO : org.springframework.cache.ehcache.EhCacheManagerFactoryBean#afterPropertiesSet : Initializing EhCache CacheManager
2015-11-27 15:53:57,007 INFO : org.springframework.context.support.GenericApplicationContext#doClose : Closing org.springframework.context.support.GenericApplicationContext@6ea43ee0: startup date [Fri Nov 27 15:53:56 CST 2015]; root of context hierarchy
2015-11-27 15:53:57,009 INFO : org.springframework.cache.ehcache.EhCacheManagerFactoryBean#destroy : Shutting down EhCache CacheManager
2015-11-27 15:55:18,270 INFO : org.springframework.test.context.support.DefaultTestContextBootstrapper#getDefaultTestExecutionListenerClassNames : Loaded default TestExecutionListener class names from location [META-INF/spring.factories]: [org.springframework.test.context.web.ServletTestExecutionListener, org.springframework.test.context.support.DependencyInjectionTestExecutionListener, org.springframework.test.context.support.DirtiesContextTestExecutionListener, org.springframework.test.context.transaction.TransactionalTestExecutionListener, org.springframework.test.context.jdbc.SqlScriptsTestExecutionListener]
2015-11-27 15:55:18,289 INFO : org.springframework.test.context.support.DefaultTestContextBootstrapper#getTestExecutionListeners : Using TestExecutionListeners: [org.springframework.test.context.web.ServletTestExecutionListener@37405b61, org.springframework.test.context.support.DependencyInjectionTestExecutionListener@622f599d, org.springframework.test.context.support.DirtiesContextTestExecutionListener@12a484c7, org.springframework.test.context.transaction.TransactionalTestExecutionListener@6f092e60, org.springframework.test.context.jdbc.SqlScriptsTestExecutionListener@43c3d993]
2015-11-27 15:55:18,385 INFO : org.springframework.beans.factory.xml.XmlBeanDefinitionReader#loadBeanDefinitions : Loading XML bean definitions from class path resource [spring-core.xml]
2015-11-27 15:55:18,577 INFO : org.springframework.context.support.GenericApplicationContext#prepareRefresh : Refreshing org.springframework.context.support.GenericApplicationContext@611c1cdf: startup date [Fri Nov 27 15:55:18 CST 2015]; root of context hierarchy
2015-11-27 15:55:18,707 INFO : org.springframework.context.support.PropertySourcesPlaceholderConfigurer#loadProperties : Loading properties file from class path resource [pm.properties]
2015-11-27 15:55:19,341 INFO : org.springframework.cache.ehcache.EhCacheManagerFactoryBean#afterPropertiesSet : Initializing EhCache CacheManager
2015-11-27 15:55:19,551 INFO : org.springframework.context.support.GenericApplicationContext#doClose : Closing org.springframework.context.support.GenericApplicationContext@611c1cdf: startup date [Fri Nov 27 15:55:18 CST 2015]; root of context hierarchy
2015-11-27 15:55:19,552 INFO : org.springframework.cache.ehcache.EhCacheManagerFactoryBean#destroy : Shutting down EhCache CacheManager
2015-11-27 16:08:13,442 INFO : org.springframework.test.context.support.DefaultTestContextBootstrapper#getDefaultTestExecutionListenerClassNames : Loaded default TestExecutionListener class names from location [META-INF/spring.factories]: [org.springframework.test.context.web.ServletTestExecutionListener, org.springframework.test.context.support.DependencyInjectionTestExecutionListener, org.springframework.test.context.support.DirtiesContextTestExecutionListener, org.springframework.test.context.transaction.TransactionalTestExecutionListener, org.springframework.test.context.jdbc.SqlScriptsTestExecutionListener]
2015-11-27 16:08:13,470 INFO : org.springframework.test.context.support.DefaultTestContextBootstrapper#getTestExecutionListeners : Using TestExecutionListeners: [org.springframework.test.context.web.ServletTestExecutionListener@47c5437c, org.springframework.test.context.support.DependencyInjectionTestExecutionListener@67d1a6b3, org.springframework.test.context.support.DirtiesContextTestExecutionListener@75176704, org.springframework.test.context.transaction.TransactionalTestExecutionListener@536c73aa, org.springframework.test.context.jdbc.SqlScriptsTestExecutionListener@751dc8af]
2015-11-27 16:08:13,593 INFO : org.springframework.beans.factory.xml.XmlBeanDefinitionReader#loadBeanDefinitions : Loading XML bean definitions from class path resource [spring-core.xml]
2015-11-27 16:08:13,852 INFO : org.springframework.context.support.GenericApplicationContext#prepareRefresh : Refreshing org.springframework.context.support.GenericApplicationContext@391c5c5c: startup date [Fri Nov 27 16:08:13 CST 2015]; root of context hierarchy
2015-11-27 16:08:13,977 INFO : org.springframework.context.support.PropertySourcesPlaceholderConfigurer#loadProperties : Loading properties file from class path resource [pm.properties]
2015-11-27 16:08:14,704 INFO : org.springframework.cache.ehcache.EhCacheManagerFactoryBean#afterPropertiesSet : Initializing EhCache CacheManager
2015-11-27 16:08:14,931 INFO : org.springframework.context.support.GenericApplicationContext#doClose : Closing org.springframework.context.support.GenericApplicationContext@391c5c5c: startup date [Fri Nov 27 16:08:13 CST 2015]; root of context hierarchy
2015-11-27 16:08:14,932 INFO : org.springframework.cache.ehcache.EhCacheManagerFactoryBean#destroy : Shutting down EhCache CacheManager
2015-11-27 16:10:23,404 INFO : org.springframework.test.context.support.DefaultTestContextBootstrapper#getDefaultTestExecutionListenerClassNames : Loaded default TestExecutionListener class names from location [META-INF/spring.factories]: [org.springframework.test.context.web.ServletTestExecutionListener, org.springframework.test.context.support.DependencyInjectionTestExecutionListener, org.springframework.test.context.support.DirtiesContextTestExecutionListener, org.springframework.test.context.transaction.TransactionalTestExecutionListener, org.springframework.test.context.jdbc.SqlScriptsTestExecutionListener]
2015-11-27 16:10:23,424 INFO : org.springframework.test.context.support.DefaultTestContextBootstrapper#getTestExecutionListeners : Using TestExecutionListeners: [org.springframework.test.context.web.ServletTestExecutionListener@75176704, org.springframework.test.context.support.DependencyInjectionTestExecutionListener@536c73aa, org.springframework.test.context.support.DirtiesContextTestExecutionListener@751dc8af, org.springframework.test.context.transaction.TransactionalTestExecutionListener@7662953a, org.springframework.test.context.jdbc.SqlScriptsTestExecutionListener@42334f8e]
2015-11-27 16:10:23,520 INFO : org.springframework.beans.factory.xml.XmlBeanDefinitionReader#loadBeanDefinitions : Loading XML bean definitions from class path resource [spring-core.xml]
2015-11-27 16:10:23,707 INFO : org.springframework.context.support.GenericApplicationContext#prepareRefresh : Refreshing org.springframework.context.support.GenericApplicationContext@2d0aebde: startup date [Fri Nov 27 16:10:23 CST 2015]; root of context hierarchy
2015-11-27 16:10:23,838 INFO : org.springframework.context.support.PropertySourcesPlaceholderConfigurer#loadProperties : Loading properties file from class path resource [pm.properties]
2015-11-27 16:10:24,468 INFO : org.springframework.cache.ehcache.EhCacheManagerFactoryBean#afterPropertiesSet : Initializing EhCache CacheManager
2015-11-27 16:10:24,684 INFO : org.springframework.context.support.GenericApplicationContext#doClose : Closing org.springframework.context.support.GenericApplicationContext@2d0aebde: startup date [Fri Nov 27 16:10:23 CST 2015]; root of context hierarchy
2015-11-27 16:10:24,685 INFO : org.springframework.cache.ehcache.EhCacheManagerFactoryBean#destroy : Shutting down EhCache CacheManager
2015-11-27 16:45:52,781 INFO : org.springframework.test.context.support.DefaultTestContextBootstrapper#getDefaultTestExecutionListenerClassNames : Loaded default TestExecutionListener class names from location [META-INF/spring.factories]: [org.springframework.test.context.web.ServletTestExecutionListener, org.springframework.test.context.support.DependencyInjectionTestExecutionListener, org.springframework.test.context.support.DirtiesContextTestExecutionListener, org.springframework.test.context.transaction.TransactionalTestExecutionListener, org.springframework.test.context.jdbc.SqlScriptsTestExecutionListener]
2015-11-27 16:45:52,804 INFO : org.springframework.test.context.support.DefaultTestContextBootstrapper#getTestExecutionListeners : Using TestExecutionListeners: [org.springframework.test.context.web.ServletTestExecutionListener@75176704, org.springframework.test.context.support.DependencyInjectionTestExecutionListener@536c73aa, org.springframework.test.context.support.DirtiesContextTestExecutionListener@751dc8af, org.springframework.test.context.transaction.TransactionalTestExecutionListener@7662953a, org.springframework.test.context.jdbc.SqlScriptsTestExecutionListener@42334f8e]
2015-11-27 16:45:52,906 INFO : org.springframework.beans.factory.xml.XmlBeanDefinitionReader#loadBeanDefinitions : Loading XML bean definitions from class path resource [spring-core.xml]
2015-11-27 16:45:53,162 INFO : org.springframework.context.support.GenericApplicationContext#prepareRefresh : Refreshing org.springframework.context.support.GenericApplicationContext@2d0aebde: startup date [Fri Nov 27 16:45:53 CST 2015]; root of context hierarchy
2015-11-27 16:45:53,297 INFO : org.springframework.context.support.PropertySourcesPlaceholderConfigurer#loadProperties : Loading properties file from class path resource [pm.properties]
2015-11-27 16:45:54,090 INFO : org.springframework.cache.ehcache.EhCacheManagerFactoryBean#afterPropertiesSet : Initializing EhCache CacheManager
2015-11-27 16:45:54,331 INFO : org.springframework.context.support.GenericApplicationContext#doClose : Closing org.springframework.context.support.GenericApplicationContext@2d0aebde: startup date [Fri Nov 27 16:45:53 CST 2015]; root of context hierarchy
2015-11-27 16:45:54,332 INFO : org.springframework.cache.ehcache.EhCacheManagerFactoryBean#destroy : Shutting down EhCache CacheManager
