2015-11-26 16:11:22,387 INFO : org.springframework.test.context.support.DefaultTestContextBootstrapper#getDefaultTestExecutionListenerClassNames : Loaded default TestExecutionListener class names from location [META-INF/spring.factories]: [org.springframework.test.context.web.ServletTestExecutionListener, org.springframework.test.context.support.DependencyInjectionTestExecutionListener, org.springframework.test.context.support.DirtiesContextTestExecutionListener, org.springframework.test.context.transaction.TransactionalTestExecutionListener, org.springframework.test.context.jdbc.SqlScriptsTestExecutionListener]
2015-11-26 16:11:22,409 INFO : org.springframework.test.context.support.DefaultTestContextBootstrapper#getTestExecutionListeners : Using TestExecutionListeners: [org.springframework.test.context.web.ServletTestExecutionListener@172d40de, org.springframework.test.context.support.DependencyInjectionTestExecutionListener@1bfdbab5, org.springframework.test.context.support.DirtiesContextTestExecutionListener@2eeccf6e, org.springframework.test.context.transaction.TransactionalTestExecutionListener@3d2656d3, org.springframework.test.context.jdbc.SqlScriptsTestExecutionListener@200e5602]
2015-11-26 16:11:22,506 INFO : org.springframework.beans.factory.xml.XmlBeanDefinitionReader#loadBeanDefinitions : Loading XML bean definitions from class path resource [spring-core.xml]
2015-11-26 16:11:22,736 INFO : org.springframework.context.support.GenericApplicationContext#prepareRefresh : Refreshing org.springframework.context.support.GenericApplicationContext@3de817d1: startup date [Thu Nov 26 16:11:22 CST 2015]; root of context hierarchy
2015-11-26 16:11:22,858 INFO : org.springframework.context.support.PropertySourcesPlaceholderConfigurer#loadProperties : Loading properties file from class path resource [pm.properties]
2015-11-26 16:11:23,569 INFO : org.springframework.cache.ehcache.EhCacheManagerFactoryBean#afterPropertiesSet : Initializing EhCache CacheManager
2015-11-26 16:11:23,770 INFO : org.springframework.context.support.GenericApplicationContext#doClose : Closing org.springframework.context.support.GenericApplicationContext@3de817d1: startup date [Thu Nov 26 16:11:22 CST 2015]; root of context hierarchy
2015-11-26 16:11:23,771 INFO : org.springframework.cache.ehcache.EhCacheManagerFactoryBean#destroy : Shutting down EhCache CacheManager
2015-11-26 16:13:47,170 INFO : org.springframework.test.context.support.DefaultTestContextBootstrapper#getDefaultTestExecutionListenerClassNames : Loaded default TestExecutionListener class names from location [META-INF/spring.factories]: [org.springframework.test.context.web.ServletTestExecutionListener, org.springframework.test.context.support.DependencyInjectionTestExecutionListener, org.springframework.test.context.support.DirtiesContextTestExecutionListener, org.springframework.test.context.transaction.TransactionalTestExecutionListener, org.springframework.test.context.jdbc.SqlScriptsTestExecutionListener]
2015-11-26 16:13:47,189 INFO : org.springframework.test.context.support.DefaultTestContextBootstrapper#getTestExecutionListeners : Using TestExecutionListeners: [org.springframework.test.context.web.ServletTestExecutionListener@3d205adc, org.springframework.test.context.support.DependencyInjectionTestExecutionListener@172d40de, org.springframework.test.context.support.DirtiesContextTestExecutionListener@1bfdbab5, org.springframework.test.context.transaction.TransactionalTestExecutionListener@2eeccf6e, org.springframework.test.context.jdbc.SqlScriptsTestExecutionListener@3d2656d3]
2015-11-26 16:13:47,277 INFO : org.springframework.beans.factory.xml.XmlBeanDefinitionReader#loadBeanDefinitions : Loading XML bean definitions from class path resource [spring-core.xml]
2015-11-26 16:13:47,453 INFO : org.springframework.context.support.GenericApplicationContext#prepareRefresh : Refreshing org.springframework.context.support.GenericApplicationContext@2d0d345a: startup date [Thu Nov 26 16:13:47 CST 2015]; root of context hierarchy
2015-11-26 16:13:47,577 INFO : org.springframework.context.support.PropertySourcesPlaceholderConfigurer#loadProperties : Loading properties file from class path resource [pm.properties]
2015-11-26 16:13:48,200 INFO : org.springframework.cache.ehcache.EhCacheManagerFactoryBean#afterPropertiesSet : Initializing EhCache CacheManager
2015-11-26 16:13:48,387 INFO : org.springframework.context.support.GenericApplicationContext#doClose : Closing org.springframework.context.support.GenericApplicationContext@2d0d345a: startup date [Thu Nov 26 16:13:47 CST 2015]; root of context hierarchy
2015-11-26 16:13:48,388 INFO : org.springframework.cache.ehcache.EhCacheManagerFactoryBean#destroy : Shutting down EhCache CacheManager
2015-11-26 16:23:43,674 INFO : org.springframework.test.context.support.DefaultTestContextBootstrapper#getDefaultTestExecutionListenerClassNames : Loaded default TestExecutionListener class names from location [META-INF/spring.factories]: [org.springframework.test.context.web.ServletTestExecutionListener, org.springframework.test.context.support.DependencyInjectionTestExecutionListener, org.springframework.test.context.support.DirtiesContextTestExecutionListener, org.springframework.test.context.transaction.TransactionalTestExecutionListener, org.springframework.test.context.jdbc.SqlScriptsTestExecutionListener]
2015-11-26 16:23:43,701 INFO : org.springframework.test.context.support.DefaultTestContextBootstrapper#getTestExecutionListeners : Using TestExecutionListeners: [org.springframework.test.context.web.ServletTestExecutionListener@3d205adc, org.springframework.test.context.support.DependencyInjectionTestExecutionListener@172d40de, org.springframework.test.context.support.DirtiesContextTestExecutionListener@1bfdbab5, org.springframework.test.context.transaction.TransactionalTestExecutionListener@2eeccf6e, org.springframework.test.context.jdbc.SqlScriptsTestExecutionListener@3d2656d3]
2015-11-26 16:23:43,816 INFO : org.springframework.beans.factory.xml.XmlBeanDefinitionReader#loadBeanDefinitions : Loading XML bean definitions from class path resource [spring-core.xml]
2015-11-26 16:23:44,071 INFO : org.springframework.context.support.GenericApplicationContext#prepareRefresh : Refreshing org.springframework.context.support.GenericApplicationContext@2d0d345a: startup date [Thu Nov 26 16:23:44 CST 2015]; root of context hierarchy
2015-11-26 16:23:44,192 INFO : org.springframework.context.support.PropertySourcesPlaceholderConfigurer#loadProperties : Loading properties file from class path resource [pm.properties]
2015-11-26 16:23:44,888 INFO : org.springframework.cache.ehcache.EhCacheManagerFactoryBean#afterPropertiesSet : Initializing EhCache CacheManager
2015-11-26 16:23:45,092 INFO : org.springframework.context.support.GenericApplicationContext#doClose : Closing org.springframework.context.support.GenericApplicationContext@2d0d345a: startup date [Thu Nov 26 16:23:44 CST 2015]; root of context hierarchy
2015-11-26 16:23:45,093 INFO : org.springframework.cache.ehcache.EhCacheManagerFactoryBean#destroy : Shutting down EhCache CacheManager
